0 info it worked if it ends with ok
1 verbose cli [ '/Users/ianbrennan/.nvm/versions/node/v6.5.0/bin/node',
1 verbose cli   '/Users/ianbrennan/.nvm/versions/node/v6.5.0/bin/npm',
1 verbose cli   'run',
1 verbose cli   'test:returnme' ]
2 info using npm@3.10.3
3 info using node@v6.5.0
4 verbose run-script [ 'pretest:returnme', 'test:returnme', 'posttest:returnme' ]
5 info lifecycle basic-functions@1.0.0~pretest:returnme: basic-functions@1.0.0
6 silly lifecycle basic-functions@1.0.0~pretest:returnme: no script for pretest:returnme, continuing
7 info lifecycle basic-functions@1.0.0~test:returnme: basic-functions@1.0.0
8 verbose lifecycle basic-functions@1.0.0~test:returnme: unsafe-perm in lifecycle true
9 verbose lifecycle basic-functions@1.0.0~test:returnme: PATH: /Users/ianbrennan/.nvm/versions/node/v6.5.0/lib/node_modules/npm/bin/node-gyp-bin:/Users/ianbrennan/projects/basic-functions/node_modules/.bin:/Users/ianbrennan/.nvm/versions/node/v6.5.0/bin:/Users/ianbrennan/.nvm/versions/node/v6.5.0/bin:/Users/ianbrennan/bin:/usr/local/bin:/usr/bin:/bin:/usr/sbin:/sbin
10 verbose lifecycle basic-functions@1.0.0~test:returnme: CWD: /Users/ianbrennan/projects/basic-functions
11 silly lifecycle basic-functions@1.0.0~test:returnme: Args: [ '-c',
11 silly lifecycle   'mocha --compilers js:babel-core/register "test/return_me_test.js"' ]
12 silly lifecycle basic-functions@1.0.0~test:returnme: Returned: code: 2  signal: null
13 info lifecycle basic-functions@1.0.0~test:returnme: Failed to exec test:returnme script
14 verbose stack Error: basic-functions@1.0.0 test:returnme: `mocha --compilers js:babel-core/register "test/return_me_test.js"`
14 verbose stack Exit status 2
14 verbose stack     at EventEmitter.<anonymous> (/Users/ianbrennan/.nvm/versions/node/v6.5.0/lib/node_modules/npm/lib/utils/lifecycle.js:242:16)
14 verbose stack     at emitTwo (events.js:106:13)
14 verbose stack     at EventEmitter.emit (events.js:191:7)
14 verbose stack     at ChildProcess.<anonymous> (/Users/ianbrennan/.nvm/versions/node/v6.5.0/lib/node_modules/npm/lib/utils/spawn.js:40:14)
14 verbose stack     at emitTwo (events.js:106:13)
14 verbose stack     at ChildProcess.emit (events.js:191:7)
14 verbose stack     at maybeClose (internal/child_process.js:877:16)
14 verbose stack     at Process.ChildProcess._handle.onexit (internal/child_process.js:226:5)
15 verbose pkgid basic-functions@1.0.0
16 verbose cwd /Users/ianbrennan/projects/basic-functions
17 error Darwin 16.3.0
18 error argv "/Users/ianbrennan/.nvm/versions/node/v6.5.0/bin/node" "/Users/ianbrennan/.nvm/versions/node/v6.5.0/bin/npm" "run" "test:returnme"
19 error node v6.5.0
20 error npm  v3.10.3
21 error code ELIFECYCLE
22 error basic-functions@1.0.0 test:returnme: `mocha --compilers js:babel-core/register "test/return_me_test.js"`
22 error Exit status 2
23 error Failed at the basic-functions@1.0.0 test:returnme script 'mocha --compilers js:babel-core/register "test/return_me_test.js"'.
23 error Make sure you have the latest version of node.js and npm installed.
23 error If you do, this is most likely a problem with the basic-functions package,
23 error not with npm itself.
23 error Tell the author that this fails on your system:
23 error     mocha --compilers js:babel-core/register "test/return_me_test.js"
23 error You can get information on how to open an issue for this project with:
23 error     npm bugs basic-functions
23 error Or if that isn't available, you can get their info via:
23 error     npm owner ls basic-functions
23 error There is likely additional logging output above.
24 verbose exit [ 1, true ]
